<?xml version="1.0" encoding="UTF-8"?>
<!-- Generated by org.testng.reporters.JUnitXMLReporter -->
<testsuite hostname="MacBook-Pro-de-Emmanuel.local" failures="0" tests="3" name="Test" time="8.728" errors="0" timestamp="28 Sep 2023 06:18:16 GMT">
  <testcase classname="mx.com.ares.testcases.olvidemicontrasena.PantallaOlvideMiContrasenafuncionalIn" name="Camposvacios" time="0.4"/>
  <testcase classname="mx.com.ares.testcases.olvidemicontrasena.PantallaOlvideMiContrasenafuncionalIn" name="CorreoCaracInv" time="0.18"/>
  <testcase classname="mx.com.ares.testcases.olvidemicontrasena.PantallaOlvideMiContrasenafuncionalIn" name="SinCaptcha" time="0.885"/>
</testsuite> <!-- Test -->
